<?xml version="1.0" encoding="UTF-8"?>
<testng-results skipped="0" failed="0" ignored="0" total="1" passed="1">
  <reporter-output>
  </reporter-output>
  <suite name="Default suite" duration-ms="18737" started-at="2018-10-21T19:39:54Z" finished-at="2018-10-21T19:40:13Z">
    <groups>
    </groups>
    <test name="Default test" duration-ms="18737" started-at="2018-10-21T19:39:54Z" finished-at="2018-10-21T19:40:13Z">
      <class name="toursapplication.TestCase">
        <test-method status="PASS" signature="setUp()[pri:0, instance:toursapplication.TestCase@4678c730]" name="setUp" is-config="true" duration-ms="3376" started-at="2018-10-22T01:09:54Z" finished-at="2018-10-22T01:09:57Z">
          <reporter-output>
          </reporter-output>
        </test-method> <!-- setUp -->
        <test-method status="PASS" signature="BookFlight()[pri:0, instance:toursapplication.TestCase@4678c730]" name="BookFlight" duration-ms="9335" started-at="2018-10-22T01:09:57Z" finished-at="2018-10-22T01:10:07Z">
          <reporter-output>
          </reporter-output>
        </test-method> <!-- BookFlight -->
        <test-method status="PASS" signature="afterTest()[pri:0, instance:toursapplication.TestCase@4678c730]" name="afterTest" is-config="true" duration-ms="6006" started-at="2018-10-22T01:10:07Z" finished-at="2018-10-22T01:10:13Z">
          <reporter-output>
          </reporter-output>
        </test-method> <!-- afterTest -->
      </class> <!-- toursapplication.TestCase -->
    </test> <!-- Default test -->
  </suite> <!-- Default suite -->
</testng-results>
